<?xml version="1.0" encoding="UTF-8"?>
<!-- Generated by org.testng.reporters.JUnitXMLReporter -->
<testsuite ignored="2" hostname="vRhythms064" failures="1" tests="2" name="Test1" time="0.074" errors="0" timestamp="2025-09-29T15:06:20 IST">
  <testcase classname="com.listeners.TestClass1" name="testMethod1" time="0.01"/>
  <testcase classname="com.listeners.TestClass1" name="testMethod2" time="0.011">
    <failure type="java.lang.AssertionError" message="expected [true] but found [false]">
      <![CDATA[java.lang.AssertionError: expected [true] but found [false]
at com.listeners.TestClass1.testMethod2(TestClass1.java:21)
at java.base/java.util.ArrayList.forEach(ArrayList.java:1511)
... Removed 31 stack frames]]>
    </failure>
  </testcase> <!-- testMethod2 -->
  <testcase classname="com.listeners.TestClass1" name="testMethod4" time="0.0">
    <ignored/>
  </testcase> <!-- testMethod4 -->
  <testcase classname="com.listeners.TestClass1" name="testMethod3" time="0.0">
    <ignored/>
  </testcase> <!-- testMethod3 -->
</testsuite> <!-- Test1 -->
