<?xml version="1.0" encoding="UTF-8"?>
<!-- Generated by org.testng.reporters.JUnitXMLReporter -->
<testsuite ignored="2" hostname="vRhythms064" failures="1" tests="2" name="Test2" time="1.05" errors="0" timestamp="2025-09-29T15:06:21 IST">
  <testcase classname="com.listeners.TestClass1" name="testMethod3" time="1.022">
    <failure type="org.testng.internal.thread.ThreadTimeoutException" message="Method com.listeners.TestClass1.testMethod3() didn&amp;apos;t finish within the time-out 1000">
      <![CDATA[org.testng.internal.thread.ThreadTimeoutException: Method com.listeners.TestClass1.testMethod3() didn't finish within the time-out 1000
at java.base@17.0.11/java.lang.Thread.sleep(Native Method)
at app//com.listeners.TestClass1.testMethod3(TestClass1.java:26)
at java.base@17.0.11/java.util.concurrent.FutureTask.run(FutureTask.java:264)
at java.base@17.0.11/java.util.concurrent.ThreadPoolExecutor.runWorker(ThreadPoolExecutor.java:1136)
at java.base@17.0.11/java.util.concurrent.ThreadPoolExecutor$Worker.run(ThreadPoolExecutor.java:635)
at java.base@17.0.11/java.lang.Thread.run(Thread.java:842)
... Removed 8 stack frames]]>
    </failure>
  </testcase> <!-- testMethod3 -->
  <testcase classname="com.listeners.TestClass1" name="testMethod4" time="0.0">
    <skipped/>
  </testcase> <!-- testMethod4 -->
  <testcase classname="com.listeners.TestClass1" name="testMethod1" time="0.0">
    <ignored/>
  </testcase> <!-- testMethod1 -->
  <testcase classname="com.listeners.TestClass1" name="testMethod2" time="0.0">
    <ignored/>
  </testcase> <!-- testMethod2 -->
</testsuite> <!-- Test2 -->
